#! /usr/bin/vvp
:ivl_version "11.0 (stable)";
:ivl_delay_selection "TYPICAL";
:vpi_time_precision - 12;
:vpi_module "/usr/lib/x86_64-linux-gnu/ivl/system.vpi";
:vpi_module "/usr/lib/x86_64-linux-gnu/ivl/vhdl_sys.vpi";
:vpi_module "/usr/lib/x86_64-linux-gnu/ivl/vhdl_textio.vpi";
:vpi_module "/usr/lib/x86_64-linux-gnu/ivl/v2005_math.vpi";
:vpi_module "/usr/lib/x86_64-linux-gnu/ivl/va_math.vpi";
S_0x5626fde48290 .scope module, "frequency_divider_tb" "frequency_divider_tb" 2 4;
 .timescale -8 -12;
v0x5626fde5c240_0 .var "clk", 0 0;
v0x5626fde5c2e0_0 .net "out_clk", 3 0, v0x5626fde5bf00_0;  1 drivers
v0x5626fde5c3b0_0 .var "rst", 0 0;
S_0x5626fde48420 .scope module, "uut" "frequency_divider" 2 9, 3 1 0, S_0x5626fde48290;
 .timescale -8 -12;
    .port_info 0 /INPUT 1 "clk";
    .port_info 1 /INPUT 1 "rst_btn";
    .port_info 2 /OUTPUT 4 "out_clk";
P_0x5626fde48600 .param/l "max_count" 1 3 12, C4<00000000000000000000000000000000>;
L_0x5626fde5c4b0 .functor NOT 1, v0x5626fde5c3b0_0, C4<0>, C4<0>, C4<0>;
v0x5626fde0ccf0_0 .net "clk", 0 0, v0x5626fde5c240_0;  1 drivers
v0x5626fde5be20_0 .var "count", 31 0;
v0x5626fde5bf00_0 .var "out_clk", 3 0;
v0x5626fde5bff0_0 .net "rst", 0 0, L_0x5626fde5c4b0;  1 drivers
v0x5626fde5c0b0_0 .net "rst_btn", 0 0, v0x5626fde5c3b0_0;  1 drivers
E_0x5626fde0d890 .event posedge, v0x5626fde5bff0_0, v0x5626fde0ccf0_0;
    .scope S_0x5626fde48420;
T_0 ;
    %wait E_0x5626fde0d890;
    %load/vec4 v0x5626fde5bff0_0;
    %flag_set/vec4 8;
    %jmp/0xz  T_0.0, 8;
    %pushi/vec4 0, 0, 4;
    %assign/vec4 v0x5626fde5bf00_0, 0;
    %pushi/vec4 0, 0, 32;
    %assign/vec4 v0x5626fde5be20_0, 0;
    %jmp T_0.1;
T_0.0 ;
    %load/vec4 v0x5626fde5be20_0;
    %cmpi/e 0, 0, 32;
    %jmp/0xz  T_0.2, 4;
    %pushi/vec4 0, 0, 32;
    %assign/vec4 v0x5626fde5be20_0, 0;
    %load/vec4 v0x5626fde5bf00_0;
    %addi 1, 0, 4;
    %assign/vec4 v0x5626fde5bf00_0, 0;
    %jmp T_0.3;
T_0.2 ;
    %load/vec4 v0x5626fde5be20_0;
    %addi 1, 0, 32;
    %assign/vec4 v0x5626fde5be20_0, 0;
T_0.3 ;
T_0.1 ;
    %jmp T_0;
    .thread T_0;
    .scope S_0x5626fde48290;
T_1 ;
    %pushi/vec4 0, 0, 1;
    %store/vec4 v0x5626fde5c240_0, 0, 1;
    %end;
    .thread T_1;
    .scope S_0x5626fde48290;
T_2 ;
    %delay 10000, 0;
    %load/vec4 v0x5626fde5c240_0;
    %inv;
    %store/vec4 v0x5626fde5c240_0, 0, 1;
    %jmp T_2;
    .thread T_2;
    .scope S_0x5626fde48290;
T_3 ;
    %vpi_call 2 18 "$monitor", $time, "clk = %b, rst = %b, out_clk = %b", v0x5626fde5c240_0, v0x5626fde5c3b0_0, v0x5626fde5c2e0_0 {0 0 0};
    %pushi/vec4 0, 0, 1;
    %store/vec4 v0x5626fde5c3b0_0, 0, 1;
    %delay 10000, 0;
    %pushi/vec4 1, 0, 1;
    %store/vec4 v0x5626fde5c3b0_0, 0, 1;
    %delay 310000, 0;
    %vpi_call 2 22 "$finish" {0 0 0};
    %end;
    .thread T_3;
    .scope S_0x5626fde48290;
T_4 ;
    %vpi_call 2 26 "$dumpfile", "frequency_divider_tb.vcd" {0 0 0};
    %vpi_call 2 27 "$dumpvars", 32'sb00000000000000000000000000000000, S_0x5626fde48290 {0 0 0};
    %end;
    .thread T_4;
# The file index is used to find the file name in the following table.
:file_names 4;
    "N/A";
    "<interactive>";
    "frequency_divider_tb.v";
    "./frequency_divider.v";
