#! /usr/bin/vvp
:ivl_version "11.0 (stable)";
:ivl_delay_selection "TYPICAL";
:vpi_time_precision + 0;
:vpi_module "/usr/lib/x86_64-linux-gnu/ivl/system.vpi";
:vpi_module "/usr/lib/x86_64-linux-gnu/ivl/vhdl_sys.vpi";
:vpi_module "/usr/lib/x86_64-linux-gnu/ivl/vhdl_textio.vpi";
:vpi_module "/usr/lib/x86_64-linux-gnu/ivl/v2005_math.vpi";
:vpi_module "/usr/lib/x86_64-linux-gnu/ivl/va_math.vpi";
S_0x55cde35961d0 .scope module, "full_adder_tb" "full_adder_tb" 2 5;
 .timescale 0 0;
v0x55cde35ac070_0 .var "A", 0 0;
v0x55cde35ac130_0 .var "B", 0 0;
v0x55cde35ac200_0 .var "CIN", 0 0;
v0x55cde35ac300_0 .net "COUT", 0 0, L_0x55cde35ac870;  1 drivers
v0x55cde35ac3d0_0 .net "S", 0 0, L_0x55cde35ac600;  1 drivers
S_0x55cde3596360 .scope module, "uut" "full_adder" 2 11, 3 1 0, S_0x55cde35961d0;
 .timescale 0 0;
    .port_info 0 /INPUT 1 "a";
    .port_info 1 /INPUT 1 "b";
    .port_info 2 /INPUT 1 "cin";
    .port_info 3 /OUTPUT 1 "s";
    .port_info 4 /OUTPUT 1 "cout";
L_0x55cde35ac4c0 .functor XOR 1, v0x55cde35ac070_0, v0x55cde35ac130_0, C4<0>, C4<0>;
L_0x55cde35ac600 .functor XOR 1, L_0x55cde35ac4c0, v0x55cde35ac200_0, C4<0>, C4<0>;
L_0x55cde35ac760 .functor AND 1, v0x55cde35ac070_0, v0x55cde35ac130_0, C4<1>, C4<1>;
L_0x55cde35ac7d0 .functor AND 1, v0x55cde35ac070_0, v0x55cde35ac130_0, C4<1>, C4<1>;
L_0x55cde35ac870 .functor OR 1, L_0x55cde35ac760, L_0x55cde35ac7d0, C4<0>, C4<0>;
v0x55cde3596540_0 .net "a", 0 0, v0x55cde35ac070_0;  1 drivers
v0x55cde35aba30_0 .net "b", 0 0, v0x55cde35ac130_0;  1 drivers
v0x55cde35abaf0_0 .net "cin", 0 0, v0x55cde35ac200_0;  1 drivers
v0x55cde35abbc0_0 .net "cout", 0 0, L_0x55cde35ac870;  alias, 1 drivers
v0x55cde35abc80_0 .net "s", 0 0, L_0x55cde35ac600;  alias, 1 drivers
v0x55cde35abd90_0 .net "w1", 0 0, L_0x55cde35ac4c0;  1 drivers
v0x55cde35abe50_0 .net "w2", 0 0, L_0x55cde35ac760;  1 drivers
v0x55cde35abf10_0 .net "w3", 0 0, L_0x55cde35ac7d0;  1 drivers
    .scope S_0x55cde35961d0;
T_0 ;
    %vpi_call 2 14 "$dumpfile", "full_adder_tb.vcd" {0 0 0};
    %vpi_call 2 15 "$dumpvars", 32'sb00000000000000000000000000000000, S_0x55cde35961d0 {0 0 0};
    %end;
    .thread T_0;
    .scope S_0x55cde35961d0;
T_1 ;
    %pushi/vec4 0, 0, 1;
    %store/vec4 v0x55cde35ac070_0, 0, 1;
    %pushi/vec4 0, 0, 1;
    %store/vec4 v0x55cde35ac130_0, 0, 1;
    %pushi/vec4 0, 0, 1;
    %store/vec4 v0x55cde35ac200_0, 0, 1;
    %delay 1, 0;
    %pushi/vec4 0, 0, 1;
    %store/vec4 v0x55cde35ac070_0, 0, 1;
    %pushi/vec4 0, 0, 1;
    %store/vec4 v0x55cde35ac130_0, 0, 1;
    %pushi/vec4 1, 0, 1;
    %store/vec4 v0x55cde35ac200_0, 0, 1;
    %delay 1, 0;
    %pushi/vec4 0, 0, 1;
    %store/vec4 v0x55cde35ac070_0, 0, 1;
    %pushi/vec4 1, 0, 1;
    %store/vec4 v0x55cde35ac130_0, 0, 1;
    %pushi/vec4 0, 0, 1;
    %store/vec4 v0x55cde35ac200_0, 0, 1;
    %delay 1, 0;
    %pushi/vec4 0, 0, 1;
    %store/vec4 v0x55cde35ac070_0, 0, 1;
    %pushi/vec4 1, 0, 1;
    %store/vec4 v0x55cde35ac130_0, 0, 1;
    %pushi/vec4 1, 0, 1;
    %store/vec4 v0x55cde35ac200_0, 0, 1;
    %delay 1, 0;
    %pushi/vec4 1, 0, 1;
    %store/vec4 v0x55cde35ac070_0, 0, 1;
    %pushi/vec4 0, 0, 1;
    %store/vec4 v0x55cde35ac130_0, 0, 1;
    %pushi/vec4 0, 0, 1;
    %store/vec4 v0x55cde35ac200_0, 0, 1;
    %delay 1, 0;
    %pushi/vec4 1, 0, 1;
    %store/vec4 v0x55cde35ac070_0, 0, 1;
    %pushi/vec4 0, 0, 1;
    %store/vec4 v0x55cde35ac130_0, 0, 1;
    %pushi/vec4 1, 0, 1;
    %store/vec4 v0x55cde35ac200_0, 0, 1;
    %delay 1, 0;
    %pushi/vec4 1, 0, 1;
    %store/vec4 v0x55cde35ac070_0, 0, 1;
    %pushi/vec4 1, 0, 1;
    %store/vec4 v0x55cde35ac130_0, 0, 1;
    %pushi/vec4 0, 0, 1;
    %store/vec4 v0x55cde35ac200_0, 0, 1;
    %delay 1, 0;
    %pushi/vec4 1, 0, 1;
    %store/vec4 v0x55cde35ac070_0, 0, 1;
    %pushi/vec4 1, 0, 1;
    %store/vec4 v0x55cde35ac130_0, 0, 1;
    %pushi/vec4 1, 0, 1;
    %store/vec4 v0x55cde35ac200_0, 0, 1;
    %delay 1, 0;
    %end;
    .thread T_1;
# The file index is used to find the file name in the following table.
:file_names 4;
    "N/A";
    "<interactive>";
    "full_adder_tb.v";
    "./full_adder.v";
