#! /usr/bin/vvp
:ivl_version "11.0 (stable)";
:ivl_delay_selection "TYPICAL";
:vpi_time_precision + 0;
:vpi_module "/usr/lib/x86_64-linux-gnu/ivl/system.vpi";
:vpi_module "/usr/lib/x86_64-linux-gnu/ivl/vhdl_sys.vpi";
:vpi_module "/usr/lib/x86_64-linux-gnu/ivl/vhdl_textio.vpi";
:vpi_module "/usr/lib/x86_64-linux-gnu/ivl/v2005_math.vpi";
:vpi_module "/usr/lib/x86_64-linux-gnu/ivl/va_math.vpi";
S_0x55f00dd13490 .scope module, "multiplexor_test" "multiplexor_test" 2 3;
 .timescale 0 0;
P_0x55f00dd13620 .param/l "WIDTH" 1 2 5, +C4<00000000000000000000000000000101>;
v0x55f00dd2c680_0 .var "in0", 4 0;
v0x55f00dd2c760_0 .var "in1", 4 0;
v0x55f00dd2c830_0 .net "mux_out", 4 0, L_0x55f00dd2ca00;  1 drivers
v0x55f00dd2c930_0 .var "sel", 0 0;
S_0x55f00dd136c0 .scope task, "expect" "expect" 2 21, 2 21 0, S_0x55f00dd13490;
 .timescale 0 0;
v0x55f00dcd9cf0_0 .var "exp_out", 4 0;
TD_multiplexor_test.expect ;
    %load/vec4 v0x55f00dd2c830_0;
    %load/vec4 v0x55f00dcd9cf0_0;
    %cmp/ne;
    %jmp/0xz  T_0.0, 6;
    %vpi_call 2 24 "$display", "TEST FAILED" {0 0 0};
    %vpi_call 2 25 "$display", "At time %0d sel=%b in0=%b in1=%b mux_out=%b", $time, v0x55f00dd2c930_0, v0x55f00dd2c680_0, v0x55f00dd2c760_0, v0x55f00dd2c830_0 {0 0 0};
    %vpi_call 2 27 "$display", "mux_out should be %b", v0x55f00dcd9cf0_0 {0 0 0};
    %vpi_call 2 28 "$finish" {0 0 0};
    %jmp T_0.1;
T_0.0 ;
    %vpi_call 2 31 "$display", "At time %0d sel=%b in0=%b in1=%b, mux_out=%b", $time, v0x55f00dd2c930_0, v0x55f00dd2c680_0, v0x55f00dd2c760_0, v0x55f00dd2c830_0 {0 0 0};
T_0.1 ;
    %end;
S_0x55f00dd2bfc0 .scope module, "multiplexor_inst" "multiplexor" 2 13, 3 7 0, S_0x55f00dd13490;
 .timescale 0 0;
    .port_info 0 /INPUT 5 "in0";
    .port_info 1 /INPUT 5 "in1";
    .port_info 2 /INPUT 1 "sel";
    .port_info 3 /OUTPUT 5 "mux_out";
v0x55f00dd2c260_0 .net "in0", 4 0, v0x55f00dd2c680_0;  1 drivers
v0x55f00dd2c340_0 .net "in1", 4 0, v0x55f00dd2c760_0;  1 drivers
v0x55f00dd2c420_0 .net "mux_out", 4 0, L_0x55f00dd2ca00;  alias, 1 drivers
v0x55f00dd2c510_0 .net "sel", 0 0, v0x55f00dd2c930_0;  1 drivers
L_0x55f00dd2ca00 .functor MUXZ 5, v0x55f00dd2c680_0, v0x55f00dd2c760_0, v0x55f00dd2c930_0, C4<>;
    .scope S_0x55f00dd13490;
T_1 ;
    %pushi/vec4 0, 0, 1;
    %store/vec4 v0x55f00dd2c930_0, 0, 1;
    %pushi/vec4 21, 0, 5;
    %store/vec4 v0x55f00dd2c680_0, 0, 5;
    %pushi/vec4 0, 0, 5;
    %store/vec4 v0x55f00dd2c760_0, 0, 5;
    %delay 1, 0;
    %pushi/vec4 21, 0, 5;
    %store/vec4 v0x55f00dcd9cf0_0, 0, 5;
    %fork TD_multiplexor_test.expect, S_0x55f00dd136c0;
    %join;
    %pushi/vec4 0, 0, 1;
    %store/vec4 v0x55f00dd2c930_0, 0, 1;
    %pushi/vec4 10, 0, 5;
    %store/vec4 v0x55f00dd2c680_0, 0, 5;
    %pushi/vec4 0, 0, 5;
    %store/vec4 v0x55f00dd2c760_0, 0, 5;
    %delay 1, 0;
    %pushi/vec4 10, 0, 5;
    %store/vec4 v0x55f00dcd9cf0_0, 0, 5;
    %fork TD_multiplexor_test.expect, S_0x55f00dd136c0;
    %join;
    %pushi/vec4 1, 0, 1;
    %store/vec4 v0x55f00dd2c930_0, 0, 1;
    %pushi/vec4 0, 0, 5;
    %store/vec4 v0x55f00dd2c680_0, 0, 5;
    %pushi/vec4 21, 0, 5;
    %store/vec4 v0x55f00dd2c760_0, 0, 5;
    %delay 1, 0;
    %pushi/vec4 21, 0, 5;
    %store/vec4 v0x55f00dcd9cf0_0, 0, 5;
    %fork TD_multiplexor_test.expect, S_0x55f00dd136c0;
    %join;
    %pushi/vec4 1, 0, 1;
    %store/vec4 v0x55f00dd2c930_0, 0, 1;
    %pushi/vec4 0, 0, 5;
    %store/vec4 v0x55f00dd2c680_0, 0, 5;
    %pushi/vec4 10, 0, 5;
    %store/vec4 v0x55f00dd2c760_0, 0, 5;
    %delay 1, 0;
    %pushi/vec4 10, 0, 5;
    %store/vec4 v0x55f00dcd9cf0_0, 0, 5;
    %fork TD_multiplexor_test.expect, S_0x55f00dd136c0;
    %join;
    %vpi_call 2 41 "$display", "TEST PASSED" {0 0 0};
    %vpi_call 2 42 "$finish" {0 0 0};
    %end;
    .thread T_1;
    .scope S_0x55f00dd13490;
T_2 ;
    %vpi_call 2 45 "$dumpfile", "multiplexor_test.vcd" {0 0 0};
    %vpi_call 2 46 "$dumpvars", 32'sb00000000000000000000000000000000, S_0x55f00dd13490 {0 0 0};
    %end;
    .thread T_2;
# The file index is used to find the file name in the following table.
:file_names 4;
    "N/A";
    "<interactive>";
    "multiplexor_test.v";
    "./multiplexor.v";
